Determining if the Q_WS_X11 exist failed with the following output:
Change Dir: /Users/dchen/Downloads/111/cylinder/build/CMakeFiles/CMakeTmp

Run Build Command(s):/usr/bin/make cmTC_bdcd5/fast && /Library/Developer/CommandLineTools/usr/bin/make  -f CMakeFiles/cmTC_bdcd5.dir/build.make CMakeFiles/cmTC_bdcd5.dir/build
Building CXX object CMakeFiles/cmTC_bdcd5.dir/CheckSymbolExists.cxx.o
/Library/Developer/CommandLineTools/usr/bin/c++  -I/usr/local/include -F/usr/local/lib -isysroot /Library/Developer/CommandLineTools/SDKs/MacOSX10.15.sdk -o CMakeFiles/cmTC_bdcd5.dir/CheckSymbolExists.cxx.o -c /Users/dchen/Downloads/111/cylinder/build/CMakeFiles/CMakeTmp/CheckSymbolExists.cxx
/Users/dchen/Downloads/111/cylinder/build/CMakeFiles/CMakeTmp/CheckSymbolExists.cxx:8:19: error: use of undeclared identifier 'Q_WS_X11'
  return ((int*)(&Q_WS_X11))[argc];
                  ^
1 error generated.
make[1]: *** [CMakeFiles/cmTC_bdcd5.dir/CheckSymbolExists.cxx.o] Error 1
make: *** [cmTC_bdcd5/fast] Error 2


File /Users/dchen/Downloads/111/cylinder/build/CMakeFiles/CMakeTmp/CheckSymbolExists.cxx:
/* */
#include <QtCore/qglobal.h>

int main(int argc, char** argv)
{
  (void)argv;
#ifndef Q_WS_X11
  return ((int*)(&Q_WS_X11))[argc];
#else
  (void)argc;
  return 0;
#endif
}
Determining if the Q_WS_WIN exist failed with the following output:
Change Dir: /Users/dchen/Downloads/111/cylinder/build/CMakeFiles/CMakeTmp

Run Build Command(s):/usr/bin/make cmTC_2d8bc/fast && /Library/Developer/CommandLineTools/usr/bin/make  -f CMakeFiles/cmTC_2d8bc.dir/build.make CMakeFiles/cmTC_2d8bc.dir/build
Building CXX object CMakeFiles/cmTC_2d8bc.dir/CheckSymbolExists.cxx.o
/Library/Developer/CommandLineTools/usr/bin/c++  -I/usr/local/include -F/usr/local/lib -isysroot /Library/Developer/CommandLineTools/SDKs/MacOSX10.15.sdk -o CMakeFiles/cmTC_2d8bc.dir/CheckSymbolExists.cxx.o -c /Users/dchen/Downloads/111/cylinder/build/CMakeFiles/CMakeTmp/CheckSymbolExists.cxx
/Users/dchen/Downloads/111/cylinder/build/CMakeFiles/CMakeTmp/CheckSymbolExists.cxx:8:19: error: use of undeclared identifier 'Q_WS_WIN'
  return ((int*)(&Q_WS_WIN))[argc];
                  ^
1 error generated.
make[1]: *** [CMakeFiles/cmTC_2d8bc.dir/CheckSymbolExists.cxx.o] Error 1
make: *** [cmTC_2d8bc/fast] Error 2


File /Users/dchen/Downloads/111/cylinder/build/CMakeFiles/CMakeTmp/CheckSymbolExists.cxx:
/* */
#include <QtCore/qglobal.h>

int main(int argc, char** argv)
{
  (void)argv;
#ifndef Q_WS_WIN
  return ((int*)(&Q_WS_WIN))[argc];
#else
  (void)argc;
  return 0;
#endif
}
Determining if the Q_WS_QWS exist failed with the following output:
Change Dir: /Users/dchen/Downloads/111/cylinder/build/CMakeFiles/CMakeTmp

Run Build Command(s):/usr/bin/make cmTC_53dfc/fast && /Library/Developer/CommandLineTools/usr/bin/make  -f CMakeFiles/cmTC_53dfc.dir/build.make CMakeFiles/cmTC_53dfc.dir/build
Building CXX object CMakeFiles/cmTC_53dfc.dir/CheckSymbolExists.cxx.o
/Library/Developer/CommandLineTools/usr/bin/c++  -I/usr/local/include -F/usr/local/lib -isysroot /Library/Developer/CommandLineTools/SDKs/MacOSX10.15.sdk -o CMakeFiles/cmTC_53dfc.dir/CheckSymbolExists.cxx.o -c /Users/dchen/Downloads/111/cylinder/build/CMakeFiles/CMakeTmp/CheckSymbolExists.cxx
/Users/dchen/Downloads/111/cylinder/build/CMakeFiles/CMakeTmp/CheckSymbolExists.cxx:8:19: error: use of undeclared identifier 'Q_WS_QWS'
  return ((int*)(&Q_WS_QWS))[argc];
                  ^
1 error generated.
make[1]: *** [CMakeFiles/cmTC_53dfc.dir/CheckSymbolExists.cxx.o] Error 1
make: *** [cmTC_53dfc/fast] Error 2


File /Users/dchen/Downloads/111/cylinder/build/CMakeFiles/CMakeTmp/CheckSymbolExists.cxx:
/* */
#include <QtCore/qglobal.h>

int main(int argc, char** argv)
{
  (void)argv;
#ifndef Q_WS_QWS
  return ((int*)(&Q_WS_QWS))[argc];
#else
  (void)argc;
  return 0;
#endif
}
