Determining if the Q_WS_X11 exist failed with the following output:
Change Dir: /Users/dchen/Documents/phys449/box/build/CMakeFiles/CMakeTmp

Run Build Command(s):/usr/bin/make cmTC_d6b91/fast && /Library/Developer/CommandLineTools/usr/bin/make  -f CMakeFiles/cmTC_d6b91.dir/build.make CMakeFiles/cmTC_d6b91.dir/build
Building CXX object CMakeFiles/cmTC_d6b91.dir/CheckSymbolExists.cxx.o
cd /Users/dchen/Documents/phys449/Box/build/CMakeFiles/CMakeTmp && /Library/Developer/CommandLineTools/usr/bin/c++  -I/usr/local/include -F/usr/local/lib -isysroot /Library/Developer/CommandLineTools/SDKs/MacOSX10.15.sdk -o CMakeFiles/cmTC_d6b91.dir/CheckSymbolExists.cxx.o -c /Users/dchen/Documents/phys449/Box/build/CMakeFiles/CMakeTmp/CheckSymbolExists.cxx
/Users/dchen/Documents/phys449/Box/build/CMakeFiles/CMakeTmp/CheckSymbolExists.cxx:8:19: error: use of undeclared identifier 'Q_WS_X11'
  return ((int*)(&Q_WS_X11))[argc];
                  ^
1 error generated.
make[1]: *** [CMakeFiles/cmTC_d6b91.dir/CheckSymbolExists.cxx.o] Error 1
make: *** [cmTC_d6b91/fast] Error 2


File /Users/dchen/Documents/phys449/box/build/CMakeFiles/CMakeTmp/CheckSymbolExists.cxx:
/* */
#include <QtCore/qglobal.h>

int main(int argc, char** argv)
{
  (void)argv;
#ifndef Q_WS_X11
  return ((int*)(&Q_WS_X11))[argc];
#else
  (void)argc;
  return 0;
#endif
}
Determining if the Q_WS_WIN exist failed with the following output:
Change Dir: /Users/dchen/Documents/phys449/box/build/CMakeFiles/CMakeTmp

Run Build Command(s):/usr/bin/make cmTC_c5a0a/fast && /Library/Developer/CommandLineTools/usr/bin/make  -f CMakeFiles/cmTC_c5a0a.dir/build.make CMakeFiles/cmTC_c5a0a.dir/build
Building CXX object CMakeFiles/cmTC_c5a0a.dir/CheckSymbolExists.cxx.o
cd /Users/dchen/Documents/phys449/Box/build/CMakeFiles/CMakeTmp && /Library/Developer/CommandLineTools/usr/bin/c++  -I/usr/local/include -F/usr/local/lib -isysroot /Library/Developer/CommandLineTools/SDKs/MacOSX10.15.sdk -o CMakeFiles/cmTC_c5a0a.dir/CheckSymbolExists.cxx.o -c /Users/dchen/Documents/phys449/Box/build/CMakeFiles/CMakeTmp/CheckSymbolExists.cxx
/Users/dchen/Documents/phys449/Box/build/CMakeFiles/CMakeTmp/CheckSymbolExists.cxx:8:19: error: use of undeclared identifier 'Q_WS_WIN'
  return ((int*)(&Q_WS_WIN))[argc];
                  ^
1 error generated.
make[1]: *** [CMakeFiles/cmTC_c5a0a.dir/CheckSymbolExists.cxx.o] Error 1
make: *** [cmTC_c5a0a/fast] Error 2


File /Users/dchen/Documents/phys449/box/build/CMakeFiles/CMakeTmp/CheckSymbolExists.cxx:
/* */
#include <QtCore/qglobal.h>

int main(int argc, char** argv)
{
  (void)argv;
#ifndef Q_WS_WIN
  return ((int*)(&Q_WS_WIN))[argc];
#else
  (void)argc;
  return 0;
#endif
}
Determining if the Q_WS_QWS exist failed with the following output:
Change Dir: /Users/dchen/Documents/phys449/box/build/CMakeFiles/CMakeTmp

Run Build Command(s):/usr/bin/make cmTC_23796/fast && /Library/Developer/CommandLineTools/usr/bin/make  -f CMakeFiles/cmTC_23796.dir/build.make CMakeFiles/cmTC_23796.dir/build
Building CXX object CMakeFiles/cmTC_23796.dir/CheckSymbolExists.cxx.o
cd /Users/dchen/Documents/phys449/Box/build/CMakeFiles/CMakeTmp && /Library/Developer/CommandLineTools/usr/bin/c++  -I/usr/local/include -F/usr/local/lib -isysroot /Library/Developer/CommandLineTools/SDKs/MacOSX10.15.sdk -o CMakeFiles/cmTC_23796.dir/CheckSymbolExists.cxx.o -c /Users/dchen/Documents/phys449/Box/build/CMakeFiles/CMakeTmp/CheckSymbolExists.cxx
/Users/dchen/Documents/phys449/Box/build/CMakeFiles/CMakeTmp/CheckSymbolExists.cxx:8:19: error: use of undeclared identifier 'Q_WS_QWS'
  return ((int*)(&Q_WS_QWS))[argc];
                  ^
1 error generated.
make[1]: *** [CMakeFiles/cmTC_23796.dir/CheckSymbolExists.cxx.o] Error 1
make: *** [cmTC_23796/fast] Error 2


File /Users/dchen/Documents/phys449/box/build/CMakeFiles/CMakeTmp/CheckSymbolExists.cxx:
/* */
#include <QtCore/qglobal.h>

int main(int argc, char** argv)
{
  (void)argv;
#ifndef Q_WS_QWS
  return ((int*)(&Q_WS_QWS))[argc];
#else
  (void)argc;
  return 0;
#endif
}
